<?xml version="1.0" encoding="UTF-8"?>
<<<<<<< HEAD
<testsuite xmlns:xsi="http://www.w3.org/2001/XMLSchema-instance" xsi:noNamespaceSchemaLocation="https://maven.apache.org/surefire/maven-surefire-plugin/xsd/surefire-test-report.xsd" name="uoa.assignment.game.GameTests" time="0.003" tests="4" errors="0" skipped="0" failures="0">
=======
<testsuite xmlns:xsi="http://www.w3.org/2001/XMLSchema-instance" xsi:noNamespaceSchemaLocation="https://maven.apache.org/surefire/maven-surefire-plugin/xsd/surefire-test-report.xsd" name="uoa.assignment.game.GameTests" time="0.001" tests="2" errors="0" skipped="0" failures="0">
>>>>>>> 83c112b30a4c1b325845554430821161ed5a8f92
  <properties>
    <property name="java.specification.version" value="21"/>
    <property name="sun.cpu.isalist" value="amd64"/>
    <property name="sun.jnu.encoding" value="GBK"/>
    <property name="java.class.path" value="D:\Desktop\JC2002 – Java Programming\JC2002-Java-Programming---Game\assignment\target\test-classes;D:\Desktop\JC2002 – Java Programming\JC2002-Java-Programming---Game\assignment\target\classes;C:\Users\Jimmy\.m2\repository\junit\junit\4.11\junit-4.11.jar;C:\Users\Jimmy\.m2\repository\org\hamcrest\hamcrest-core\1.3\hamcrest-core-1.3.jar;"/>
    <property name="java.vm.vendor" value="Oracle Corporation"/>
    <property name="sun.arch.data.model" value="64"/>
    <property name="user.variant" value=""/>
    <property name="java.vendor.url" value="https://java.oracle.com/"/>
    <property name="user.timezone" value="Asia/Hong_Kong"/>
    <property name="os.name" value="Windows 11"/>
    <property name="java.vm.specification.version" value="21"/>
    <property name="sun.java.launcher" value="SUN_STANDARD"/>
    <property name="user.country" value="CN"/>
    <property name="sun.boot.library.path" value="D:\Devlopment\jdk\Java\jdk-21\bin"/>
<<<<<<< HEAD
    <property name="sun.java.command" value="C:\Users\Jimmy\AppData\Local\Temp\surefire7265461046984916366\surefirebooter9493542754073623797.jar C:\Users\Jimmy\AppData\Local\Temp\surefire7265461046984916366 2023-12-06T18-46-46_527-jvmRun1 surefire6413137655944012053tmp surefire_014199081585694501069tmp"/>
=======
    <property name="sun.java.command" value="C:\Users\Jimmy\AppData\Local\Temp\surefire6504778326115456499\surefirebooter10278246037368150675.jar C:\Users\Jimmy\AppData\Local\Temp\surefire6504778326115456499 2023-12-05T23-58-36_633-jvmRun1 surefire889677466590468667tmp surefire_01875392137297228724tmp"/>
>>>>>>> 83c112b30a4c1b325845554430821161ed5a8f92
    <property name="jdk.debug" value="release"/>
    <property name="surefire.test.class.path" value="D:\Desktop\JC2002 – Java Programming\JC2002-Java-Programming---Game\assignment\target\test-classes;D:\Desktop\JC2002 – Java Programming\JC2002-Java-Programming---Game\assignment\target\classes;C:\Users\Jimmy\.m2\repository\junit\junit\4.11\junit-4.11.jar;C:\Users\Jimmy\.m2\repository\org\hamcrest\hamcrest-core\1.3\hamcrest-core-1.3.jar;"/>
    <property name="sun.cpu.endian" value="little"/>
    <property name="user.home" value="C:\Users\Jimmy"/>
    <property name="user.language" value="zh"/>
    <property name="java.specification.vendor" value="Oracle Corporation"/>
    <property name="java.version.date" value="2023-10-17"/>
    <property name="java.home" value="D:\Devlopment\jdk\Java\jdk-21"/>
    <property name="file.separator" value="\"/>
    <property name="basedir" value="D:\Desktop\JC2002 – Java Programming\JC2002-Java-Programming---Game\assignment"/>
    <property name="java.vm.compressedOopsMode" value="Zero based"/>
    <property name="line.separator" value="&#10;"/>
    <property name="java.vm.specification.vendor" value="Oracle Corporation"/>
    <property name="java.specification.name" value="Java Platform API Specification"/>
<<<<<<< HEAD
    <property name="surefire.real.class.path" value="C:\Users\Jimmy\AppData\Local\Temp\surefire7265461046984916366\surefirebooter9493542754073623797.jar"/>
=======
    <property name="surefire.real.class.path" value="C:\Users\Jimmy\AppData\Local\Temp\surefire6504778326115456499\surefirebooter10278246037368150675.jar"/>
>>>>>>> 83c112b30a4c1b325845554430821161ed5a8f92
    <property name="user.script" value=""/>
    <property name="sun.management.compiler" value="HotSpot 64-Bit Tiered Compilers"/>
    <property name="java.runtime.version" value="21.0.1+12-LTS-29"/>
    <property name="user.name" value="Jimmy"/>
    <property name="stdout.encoding" value="GBK"/>
    <property name="path.separator" value=";"/>
    <property name="os.version" value="10.0"/>
    <property name="java.runtime.name" value="Java(TM) SE Runtime Environment"/>
    <property name="file.encoding" value="UTF-8"/>
    <property name="java.vm.name" value="Java HotSpot(TM) 64-Bit Server VM"/>
    <property name="localRepository" value="C:\Users\Jimmy\.m2\repository"/>
    <property name="java.vendor.url.bug" value="https://bugreport.java.com/bugreport/"/>
    <property name="java.io.tmpdir" value="C:\Users\Jimmy\AppData\Local\Temp\"/>
    <property name="java.version" value="21.0.1"/>
    <property name="user.dir" value="D:\Desktop\JC2002 – Java Programming\JC2002-Java-Programming---Game\assignment"/>
    <property name="os.arch" value="amd64"/>
    <property name="java.vm.specification.name" value="Java Virtual Machine Specification"/>
    <property name="sun.os.patch.level" value=""/>
    <property name="native.encoding" value="GBK"/>
    <property name="java.library.path" value="D:\Devlopment\jdk\Java\jdk-21\bin;C:\Windows\Sun\Java\bin;C:\Windows\system32;C:\Windows;D:\Program Files\MATLAB\R2020b\bin;D:\Devlopment\jdk\Java\jdk-21\bin;D:\Devlopment\nodejs\;C:\Program Files\Google\Chrome\Application\chrome.exe;D:\Program Files\Git\cmd;D:\Devlopment\python3.12;C:\WINDOWS\system32;D:\Devlopment\maven\apache-maven-3.9.6\bin;D:\Devlopment\python-virtualenv\venv\Scripts;D:\Program Files\MATLAB\R2020b\bin;D:\Devlopment\jdk\Java\jdk-21\bin;D:\Devlopment\nodejs\;C:\Program Files\Google\Chrome\Application\chrome.exe;D:\Program Files\Git\cmd;D:\Devlopment\python3.12;C:\WINDOWS\system32;D:\Devlopment\python3.12\Scripts\;D:\Devlopment\python3.12\;C:\Users\Jimmy\AppData\Local\Microsoft\WindowsApps;E:\Microsoft VS Code\bin;D:\Devlopment\Microsoft VS Code\bin;;D:\Devlopment\PyCharm 2023.2.4\bin;;C:\Users\Jimmy\AppData\Roaming\npm;D:\Development\python-virtualenv\venv;."/>
    <property name="java.vm.info" value="mixed mode, sharing"/>
    <property name="stderr.encoding" value="GBK"/>
    <property name="java.vendor" value="Oracle Corporation"/>
    <property name="java.vm.version" value="21.0.1+12-LTS-29"/>
    <property name="sun.io.unicode.encoding" value="UnicodeLittle"/>
    <property name="java.class.version" value="65.0"/>
  </properties>
  <testcase name="checkCharactersArray" classname="uoa.assignment.game.GameTests" time="0"/>
<<<<<<< HEAD
  <testcase name="checkPlayerAndMonsterPositionInLayout" classname="uoa.assignment.game.GameTests" time="0"/>
  <testcase name="checkLayoutInitialization" classname="uoa.assignment.game.GameTests" time="0"/>
  <testcase name="checkPlayerAndMonsterPosition" classname="uoa.assignment.game.GameTests" time="0"/>
=======
  <testcase name="checkLayoutInitialization" classname="uoa.assignment.game.GameTests" time="0"/>
>>>>>>> 83c112b30a4c1b325845554430821161ed5a8f92
</testsuite>